<?xml version="1.0" encoding="UTF-8"?>
<testsuite name="com.ars.web.WebApplicationTests" tests="1" skipped="0" failures="0" errors="0" timestamp="2025-05-02T13:15:25.981Z" hostname="ADRQUT0SYE4FQJ6" time="0.455">
  <properties/>
  <testcase name="contextLoads()" classname="com.ars.web.WebApplicationTests" time="0.455"/>
  <system-out><![CDATA[14:15:18.389 [Test worker] INFO org.springframework.test.context.support.AnnotationConfigContextLoaderUtils -- Could not detect default configuration classes for test class [com.ars.web.WebApplicationTests]: WebApplicationTests does not declare any static, non-private, non-final, nested classes annotated with @Configuration.
14:15:18.608 [Test worker] INFO org.springframework.boot.test.context.SpringBootTestContextBootstrapper -- Found @SpringBootConfiguration com.ars.web.WebApplication for test class com.ars.web.WebApplicationTests

  .   ____          _            __ _ _
 /\\ / ___'_ __ _ _(_)_ __  __ _ \ \ \ \
( ( )\___ | '_ | '_| | '_ \/ _` | \ \ \ \
 \\/  ___)| |_)| | | | | || (_| |  ) ) ) )
  '  |____| .__|_| |_|_| |_\__, | / / / /
 =========|_|==============|___/=/_/_/_/

 :: Spring Boot ::                (v3.4.4)

2025-05-02T14:15:19.218+01:00  INFO 9840 --- [web] [    Test worker] com.ars.web.WebApplicationTests          : Starting WebApplicationTests using Java 17.0.15 with PID 9840 (started by rchabbhushan in C:\projects\annual-return)
2025-05-02T14:15:19.218+01:00  INFO 9840 --- [web] [    Test worker] com.ars.web.WebApplicationTests          : No active profile set, falling back to 1 default profile: "default"
2025-05-02T14:15:20.521+01:00  INFO 9840 --- [web] [    Test worker] .s.d.r.c.RepositoryConfigurationDelegate : Bootstrapping Spring Data JPA repositories in DEFAULT mode.
2025-05-02T14:15:20.611+01:00  INFO 9840 --- [web] [    Test worker] .s.d.r.c.RepositoryConfigurationDelegate : Finished Spring Data repository scanning in 68 ms. Found 1 JPA repository interface.
2025-05-02T14:15:21.276+01:00  INFO 9840 --- [web] [    Test worker] o.hibernate.jpa.internal.util.LogHelper  : HHH000204: Processing PersistenceUnitInfo [name: default]
2025-05-02T14:15:21.399+01:00  INFO 9840 --- [web] [    Test worker] org.hibernate.Version                    : HHH000412: Hibernate ORM core version 6.6.11.Final
2025-05-02T14:15:21.446+01:00  INFO 9840 --- [web] [    Test worker] o.h.c.internal.RegionFactoryInitiator    : HHH000026: Second-level cache disabled
2025-05-02T14:15:21.977+01:00  INFO 9840 --- [web] [    Test worker] o.s.o.j.p.SpringPersistenceUnitInfo      : No LoadTimeWeaver setup: ignoring JPA class transformer
2025-05-02T14:15:22.006+01:00  INFO 9840 --- [web] [    Test worker] com.zaxxer.hikari.HikariDataSource       : HikariPool-1 - Starting...
2025-05-02T14:15:22.179+01:00  INFO 9840 --- [web] [    Test worker] com.zaxxer.hikari.pool.HikariPool        : HikariPool-1 - Added connection conn0: url=jdbc:h2:mem:testdb user=SA
2025-05-02T14:15:22.182+01:00  INFO 9840 --- [web] [    Test worker] com.zaxxer.hikari.HikariDataSource       : HikariPool-1 - Start completed.
2025-05-02T14:15:22.200+01:00  WARN 9840 --- [web] [    Test worker] org.hibernate.orm.deprecation            : HHH90000025: H2Dialect does not need to be specified explicitly using 'hibernate.dialect' (remove the property setting and it will be selected by default)
2025-05-02T14:15:22.231+01:00  INFO 9840 --- [web] [    Test worker] org.hibernate.orm.connections.pooling    : HHH10001005: Database info:
	Database JDBC URL [Connecting through datasource 'HikariDataSource (HikariPool-1)']
	Database driver: undefined/unknown
	Database version: 2.3.232
	Autocommit mode: undefined/unknown
	Isolation level: undefined/unknown
	Minimum pool size: undefined/unknown
	Maximum pool size: undefined/unknown
2025-05-02T14:15:23.098+01:00  INFO 9840 --- [web] [    Test worker] o.h.e.t.j.p.i.JtaPlatformInitiator       : HHH000489: No JTA platform available (set 'hibernate.transaction.jta.platform' to enable JTA platform integration)
Hibernate: create table financial_info (id bigint generated by default as identity, income numeric(38,2), number_of_contracts integer, spending numeric(38,2), primary key (id))
2025-05-02T14:15:23.158+01:00  INFO 9840 --- [web] [    Test worker] j.LocalContainerEntityManagerFactoryBean : Initialized JPA EntityManagerFactory for persistence unit 'default'
2025-05-02T14:15:23.882+01:00  WARN 9840 --- [web] [    Test worker] JpaBaseConfiguration$JpaWebConfiguration : spring.jpa.open-in-view is enabled by default. Therefore, database queries may be performed during view rendering. Explicitly configure spring.jpa.open-in-view to disable this warning
2025-05-02T14:15:25.614+01:00  INFO 9840 --- [web] [    Test worker] o.s.b.a.h2.H2ConsoleAutoConfiguration    : H2 console available at '/h2-console'. Database available at 'jdbc:h2:mem:testdb'
2025-05-02T14:15:25.904+01:00  INFO 9840 --- [web] [    Test worker] com.ars.web.WebApplicationTests          : Started WebApplicationTests in 7.048 seconds (process running for 8.579)
]]></system-out>
  <system-err><![CDATA[]]></system-err>
</testsuite>
